<?xml version="1.0" encoding="UTF-8"?>
<testsuite xmlns:xsi="http://www.w3.org/2001/XMLSchema-instance" xsi:noNamespaceSchemaLocation="https://maven.apache.org/surefire/maven-surefire-plugin/xsd/surefire-test-report.xsd" name="TestSuite" time="3.537" tests="2" errors="0" skipped="0" failures="0">
  <properties>
[...]
</properties>
  <testcase name="getPublicKeyTest" classname="cases.login.AuthKeyTest" time="0.759"/>
  <testcase name="loginTest" classname="cases.login.AuthLoginTest" time="0.56"/>
</testsuite>